d:\cshobby\opengl_folder\game_0\x64\release\vc143.pdb
d:\cshobby\opengl_folder\game_0\x64\release\imgui.obj
d:\cshobby\opengl_folder\game_0\x64\release\colorid.obj
d:\cshobby\opengl_folder\game_0\x64\release\shader.obj
d:\cshobby\opengl_folder\game_0\x64\release\resources.obj
d:\cshobby\opengl_folder\game_0\x64\release\resourcemanager.obj
d:\cshobby\opengl_folder\game_0\x64\release\renderer.obj
d:\cshobby\opengl_folder\game_0\x64\release\inspectionplane.obj
d:\cshobby\opengl_folder\game_0\x64\release\object.obj
d:\cshobby\opengl_folder\game_0\x64\release\mesh.obj
d:\cshobby\opengl_folder\game_0\x64\release\main.obj
d:\cshobby\opengl_folder\game_0\x64\release\skeletalanimation.obj
d:\cshobby\opengl_folder\game_0\x64\release\node.obj
d:\cshobby\opengl_folder\game_0\x64\release\shadowtester.obj
d:\cshobby\opengl_folder\game_0\x64\release\scene.obj
d:\cshobby\opengl_folder\game_0\x64\release\lightsource.obj
d:\cshobby\opengl_folder\game_0\x64\release\instance.obj
d:\cshobby\opengl_folder\game_0\x64\release\bone.obj
d:\cshobby\opengl_folder\game_0\x64\release\engineapp.obj
d:\cshobby\opengl_folder\game_0\x64\release\core.obj
d:\cshobby\opengl_folder\game_0\x64\release\camera.obj
d:\cshobby\opengl_folder\game_0\x64\release\window.obj
d:\cshobby\opengl_folder\game_0\x64\release\uimanager.obj
d:\cshobby\opengl_folder\game_0\x64\release\mathconverter.obj
d:\cshobby\opengl_folder\game_0\x64\release\imgui_widgets.obj
d:\cshobby\opengl_folder\game_0\x64\release\imgui_tables.obj
d:\cshobby\opengl_folder\game_0\x64\release\imgui_impl_opengl3.obj
d:\cshobby\opengl_folder\game_0\x64\release\imgui_impl_glfw.obj
d:\cshobby\opengl_folder\game_0\x64\release\imgui_draw.obj
d:\cshobby\opengl_folder\game_0\x64\release\imgui_demo.obj
d:\cshobby\opengl_folder\game_0\x64\release\game_0.ipdb
d:\cshobby\opengl_folder\game_0\x64\release\game_0.iobj
d:\cshobby\opengl_folder\game_0\x64\release\game_0.pdb
d:\cshobby\opengl_folder\game_0\x64\release\game_0.tlog\cl.command.1.tlog
d:\cshobby\opengl_folder\game_0\x64\release\game_0.tlog\cl.items.tlog
d:\cshobby\opengl_folder\game_0\x64\release\game_0.tlog\cl.read.1.tlog
d:\cshobby\opengl_folder\game_0\x64\release\game_0.tlog\cl.write.1.tlog
d:\cshobby\opengl_folder\game_0\x64\release\game_0.tlog\game_0.write.1u.tlog
d:\cshobby\opengl_folder\game_0\x64\release\game_0.tlog\link.command.1.tlog
d:\cshobby\opengl_folder\game_0\x64\release\game_0.tlog\link.read.1.tlog
d:\cshobby\opengl_folder\game_0\x64\release\game_0.tlog\link.write.1.tlog
d:\cshobby\opengl_folder\game_0\x64\release\game_0.tlog\link.write.2u.tlog
