d:\cshobby\opengl_folder\game_0\x64\debug\vc143.pdb
d:\cshobby\opengl_folder\game_0\x64\debug\vc143.idb
d:\cshobby\opengl_folder\game_0\x64\debug\imgui_impl_glfw.obj
d:\cshobby\opengl_folder\game_0\x64\debug\imgui_draw.obj
d:\cshobby\opengl_folder\game_0\x64\debug\imgui_demo.obj
d:\cshobby\opengl_folder\game_0\x64\debug\imgui.obj
d:\cshobby\opengl_folder\game_0\x64\debug\colorid.obj
d:\cshobby\opengl_folder\game_0\x64\debug\shader.obj
d:\cshobby\opengl_folder\game_0\x64\debug\resources.obj
d:\cshobby\opengl_folder\game_0\x64\debug\resourcemanager.obj
d:\cshobby\opengl_folder\game_0\x64\debug\renderer.obj
d:\cshobby\opengl_folder\game_0\x64\debug\inspectionplane.obj
d:\cshobby\opengl_folder\game_0\x64\debug\object.obj
d:\cshobby\opengl_folder\game_0\x64\debug\mesh.obj
d:\cshobby\opengl_folder\game_0\x64\debug\main.obj
d:\cshobby\opengl_folder\game_0\x64\debug\shadowtester.obj
d:\cshobby\opengl_folder\game_0\x64\debug\scene.obj
d:\cshobby\opengl_folder\game_0\x64\debug\lightsource.obj
d:\cshobby\opengl_folder\game_0\x64\debug\instance.obj
d:\cshobby\opengl_folder\game_0\x64\debug\engineapp.obj
d:\cshobby\opengl_folder\game_0\x64\debug\core.obj
d:\cshobby\opengl_folder\game_0\x64\debug\camera.obj
d:\cshobby\opengl_folder\game_0\x64\debug\window.obj
d:\cshobby\opengl_folder\game_0\x64\debug\uimanager.obj
d:\cshobby\opengl_folder\game_0\x64\debug\imgui_widgets.obj
d:\cshobby\opengl_folder\game_0\x64\debug\imgui_tables.obj
d:\cshobby\opengl_folder\game_0\x64\debug\imgui_impl_opengl3.obj
d:\cshobby\opengl_folder\game_0\x64\debug\game_0.lib
d:\cshobby\opengl_folder\game_0\x64\debug\game_0.exe
d:\cshobby\opengl_folder\game_0\x64\debug\game_0.ilk
d:\cshobby\opengl_folder\game_0\x64\debug\game_0.pdb
d:\cshobby\opengl_folder\game_0\x64\debug\game_0.tlog\cl.command.1.tlog
d:\cshobby\opengl_folder\game_0\x64\debug\game_0.tlog\cl.read.1.tlog
d:\cshobby\opengl_folder\game_0\x64\debug\game_0.tlog\cl.write.1.tlog
d:\cshobby\opengl_folder\game_0\x64\debug\game_0.tlog\game_0.write.1u.tlog
d:\cshobby\opengl_folder\game_0\x64\debug\game_0.tlog\link.command.1.tlog
d:\cshobby\opengl_folder\game_0\x64\debug\game_0.tlog\link.read.1.tlog
d:\cshobby\opengl_folder\game_0\x64\debug\game_0.tlog\link.write.1.tlog
