  EngineApp.cpp
  Scene.cpp
D:\csHobby\opengl_folder\GAME_0\src\GameItems\Scene.cpp(65,39): warning C4244: 'argument': conversion from 'double' to 'float', possible loss of data
D:\csHobby\opengl_folder\GAME_0\src\GameItems\Scene.cpp(66,41): warning C4244: 'argument': conversion from 'double' to 'float', possible loss of data
  ShadowTester.cpp
  InspectionPlane.cpp
  Instance.cpp
  Object.cpp
  SkeletalAnimation.cpp
C:\Program Files\Microsoft Visual Studio\2022\Community\VC\Tools\MSVC\14.31.31103\include\utility(190,16): warning C4244: 'initializing': conversion from 'double' to '_Ty1', possible loss of data
          with
          [
              _Ty1=float
          ]
D:\csHobby\opengl_folder\GAME_0\src\Graphics\SkeletalAnimation.cpp(19): message : see reference to function template instantiation 'std::pair<float,glm::vec3>::pair<double&,glm::vec3&,0>(_Other1,_Other2) noexcept' being compiled
          with
          [
              _Other1=double &,
              _Other2=glm::vec3 &
          ]
D:\csHobby\opengl_folder\GAME_0\src\Graphics\SkeletalAnimation.cpp(19): message : see reference to function template instantiation 'std::pair<float,glm::vec3>::pair<double&,glm::vec3&,0>(_Other1,_Other2) noexcept' being compiled
          with
          [
              _Other1=double &,
              _Other2=glm::vec3 &
          ]
  Main.cpp
  Renderer.cpp
  ResourceManager.cpp
  UIManager.cpp
  Generating Code...
  GAME_0.vcxproj -> D:\csHobby\opengl_folder\GAME_0\x64\Debug\GAME_0.exe
